[debug] > Exec(early(addDefaultCommands), None, None)
[debug] > Exec(addDefaultCommands, None, None)
[debug] > Exec(early(initialize), None, None)
[debug] > Exec(initialize, None, None)
[debug] > Exec(early(addPluginSbtFile="""C:\Users\sandu\AppData\Local\Temp\idea5889.sbt"""), None, None)
[debug] > Exec(addPluginSbtFile="""C:\Users\sandu\AppData\Local\Temp\idea5889.sbt""", None, None)
[debug] > Exec(boot, None, None)
[debug] > Exec(writeSbtVersion, None, None)
[debug] > Exec(reload, None, None)
[debug] > Exec(sbtStashOnFailure, None, None)
[debug] > Exec(onFailure loadFailed, None, None)
[debug] > Exec(loadp, None, None)
[info] welcome to sbt 1.6.2 (Oracle Corporation Java 1.8.0_261)
[debug]       Load.loadUnit: plugins took 437.9628ms
[debug]       Load.loadUnit: defsScala took 0.7738ms
[debug] [Loading] Scanning directory C:\Users\sandu\.sbt\1.0\plugins
[debug] [Loading] Found non-root projects 
[debug] [Loading] Done in C:\Users\sandu\.sbt\1.0\plugins, returning: ()
[debug] deducing auto plugins based on known facts Set(Atom(sbt.plugins.CorePlugin)) and clauses Clauses(Clause(Atom(sbt.plugins.JvmPlugin),Set(Atom(sbt.plugins.IvyPlugin)))
[debug] Clause(Atom(sbt.ScriptedPlugin),Set(Atom(sbt.plugins.JvmPlugin)))
[debug] Clause(Atom(sbt.plugins.SbtPlugin),Set(Atom(sbt.ScriptedPlugin)))
[debug] Clause(Atom(sbt.plugins.SemanticdbPlugin),Set(Atom(sbt.plugins.JvmPlugin)))
[debug] Clause(Atom(sbt.plugins.JUnitXmlReportPlugin),Set(Atom(sbt.plugins.JvmPlugin)))
[debug] Clause(Atom(sbt.plugins.MiniDependencyTreePlugin),Set(Atom(sbt.plugins.JvmPlugin)))
[debug] Clause(Atom(sbt.plugins.CorePlugin),Set(Atom(sbt.plugins.IvyPlugin)))
[debug] Clause(Atom(sbt.plugins.IvyPlugin),Set(Atom(sbt.plugins.JvmPlugin)))
[debug] Clause(Atom(sbt.plugins.JvmPlugin),Set(Atom(sbt.plugins.SemanticdbPlugin)))
[debug] Clause(Atom(sbt.plugins.JvmPlugin),Set(Atom(sbt.plugins.JUnitXmlReportPlugin)))
[debug] Clause(Atom(sbt.plugins.CorePlugin),Set(Atom(sbt.plugins.Giter8TemplatePlugin)))
[debug] Clause(Atom(sbt.plugins.JvmPlugin),Set(Atom(sbt.plugins.MiniDependencyTreePlugin))))
[debug]   :: deduced result: Matched(sbt.plugins.CorePlugin,sbt.plugins.Giter8TemplatePlugin,sbt.plugins.IvyPlugin,sbt.plugins.JvmPlugin,sbt.plugins.MiniDependencyTreePlugin,sbt.plugins.JUnitXmlReportPlugin,sbt.plugins.SemanticdbPlugin)
[debug] Plugins.deducer#function took 44.9572 ms
[debug]           Load.resolveProject(global-plugins) took 119.7368ms
[debug]         Load.loadTransitive: finalizeProject(Project(id global-plugins, base: C:\Users\sandu\.sbt\1.0\plugins, plugins: List(<none>))) took 252.7103ms
[debug] [Loading] Done in C:\Users\sandu\.sbt\1.0\plugins, returning: (global-plugins)
[debug]       Load.loadUnit: loadedProjectsRaw took 381.8741ms
[debug]       Load.loadUnit: cleanEvalClasses took 0.7047ms
[debug]     Load.loadUnit(file:/C:/Users/sandu/.sbt/1.0/plugins/, ...) took 840.6189ms
[debug]   Load.apply: load took 1999.7753ms
[debug]   Load.apply: resolveProjects took 16.8527ms
[debug]   Load.apply: finalTransforms took 630.1594ms
[debug]   Load.apply: config.delegates took 67.3389ms
