[debug] > Exec(~run, None, None)
[error] server failed to start on local:sbt-server-8a890ea8bb7f6068e797. java.io.IOException: Could not create lock for \\.\pipe\sbt-server-8a890ea8bb7f6068e797_lock, error 5
[debug] > Exec(__runWatch console0, None, None)
[debug] > Exec(sbtStashOnFailure, None, None)
[debug] > Exec(__preWatch console0, None, None)
[debug] > Exec(run, None, None)
[debug] Evaluating tasks: Compile / run
[debug] Running task... Cancel: Signal, check cycles: false, forcegc: true
[info] compiling 1 Scala source to D:\Users\sandu\Desktop\Github\Learn-Scala\consumer\target\scala-2.13\classes ...
[error] D:\Users\sandu\Desktop\Github\Learn-Scala\consumer\src\main\scala\cons\Main.scala:21:13: not found: value input
[error]     while (!input.equals("stop")) {
[error]             ^
[error] D:\Users\sandu\Desktop\Github\Learn-Scala\consumer\src\main\scala\cons\Main.scala:26:30: not found: value input
[error]     clientActor ! ByteString(input)
[error]                              ^
[error] two errors found
[error] (Compile / compileIncremental) Compilation failed
[error] Total time: 2 s, completed 12.05.2022 20:42:13
[debug] > Exec(resumeFromFailure, None, None)
[debug] > Exec(sbtPopOnFailure, None, None)
[debug] > Exec(__postWatch console0, None, None)
[debug] > Exec(__waitWatch console0, None, None)
[error] server failed to start on local:sbt-server-8a890ea8bb7f6068e797. java.io.IOException: Could not create lock for \\.\pipe\sbt-server-8a890ea8bb7f6068e797_lock, error 5
